Copyright 1986-2022 Xilinx, Inc. All Rights Reserved. Copyright 2022-2023 Advanced Micro Devices, Inc. All Rights Reserved.
---------------------------------------------------------------------------------------------------------------------------------------------
| Tool Version : Vivado v.2023.2 (win64) Build 4029153 Fri Oct 13 20:14:34 MDT 2023
| Date         : Wed Dec 20 19:26:09 2023
| Host         : LAPTOP-RQPNV6GP running 64-bit major release  (build 9200)
| Command      : report_drc -file vga_controller_top_drc_opted.rpt -pb vga_controller_top_drc_opted.pb -rpx vga_controller_top_drc_opted.rpx
| Design       : vga_controller_top
| Device       : xc7a35tcpg236-1
| Speed File   : -1
| Design State : Synthesized
---------------------------------------------------------------------------------------------------------------------------------------------

Report DRC

Table of Contents
-----------------
1. REPORT SUMMARY
2. REPORT DETAILS

1. REPORT SUMMARY
-----------------
            Netlist: netlist
          Floorplan: design_1
      Design limits: <entire design considered>
           Ruledeck: default
             Max violations: <unlimited>
             Violations found: 1
+-------------+----------+-------------------------------------------------------------+------------+
| Rule        | Severity | Description                                                 | Violations |
+-------------+----------+-------------------------------------------------------------+------------+
| PLHOLDVIO-2 | Warning  | Non-Optimal connections which could lead to hold violations | 1          |
+-------------+----------+-------------------------------------------------------------+------------+

2. REPORT DETAILS
-----------------
PLHOLDVIO-2#1 Warning
Non-Optimal connections which could lead to hold violations  
A LUT U1/hcs[10]_i_2 is driving clock pin of 22 cells. This could lead to large hold time violations. Involved cells are:
U2/hcs_reg[0], U2/hcs_reg[10], U2/hcs_reg[1], U2/hcs_reg[2], U2/hcs_reg[3],
U2/hcs_reg[4], U2/hcs_reg[5], U2/hcs_reg[6], U2/hcs_reg[7], U2/hcs_reg[8],
U2/hcs_reg[9], U2/vcs_reg[0], U2/vcs_reg[1], U2/vcs_reg[2], U2/vcs_reg[3]
 (the first 15 of 22 listed)
Related violations: <none>


